<?xml version="1.0" encoding="UTF-8"?>
<!-- Generated by org.testng.reporters.JUnitReportReporter -->
<testsuite hostname="DESKTOP-5FLV62J" failures="0" tests="1" name="Alerts_Test" time="7.992" errors="0" timestamp="2021-02-19T12:30:30 CST" skipped="0">
  <testcase classname="Alerts_Test" name="Alerts_Test_demo" time="7.992"/>
  <system-out/>
</testsuite> <!-- Alerts_Test -->
