<?xml version="1.0" encoding="UTF-8"?>
<!-- Generated by org.testng.reporters.JUnitReportReporter -->
<testsuite hostname="DESKTOP-5FLV62J" failures="0" tests="1" name="Windows_Test" time="4.056" errors="0" timestamp="2021-02-19T13:34:32 CST" skipped="0">
  <testcase classname="Windows_Test" name="Windows_Test_demo" time="4.056"/>
  <system-out/>
</testsuite> <!-- Windows_Test -->
