<?xml version="1.0" encoding="UTF-8"?>
<!-- Generated by org.testng.reporters.JUnitReportReporter -->
<testsuite hostname="DESKTOP-5FLV62J" failures="0" tests="1" name="Frames_Test" time="6.469" errors="0" timestamp="2021-02-19T12:52:57 CST" skipped="0">
  <testcase classname="Frames_Test" name="Elements_Manipulation_demo" time="6.469"/>
  <system-out/>
</testsuite> <!-- Frames_Test -->
