<?xml version="1.0" encoding="UTF-8"?>
<!-- Generated by org.testng.reporters.JUnitReportReporter -->
<testsuite hostname="DESKTOP-5FLV62J" failures="0" tests="1" name="MyTest" time="8.000" errors="0" timestamp="2021-02-19T10:18:19 CST" skipped="0">
  <testcase classname="MyTest" name="demo" time="8.000"/>
  <system-out/>
</testsuite> <!-- MyTest -->
